<component name="libraryTable">
  <library name="junit-parameterized-test-1.0.0-sources">
    <CLASSES />
    <JAVADOC />
    <SOURCES>
      <root url="jar://$USER_HOME$/Downloads/junit-parameterized-test-1.0.0-sources.jar!/" />
    </SOURCES>
  </library>
</component>